Calling target program-options parser
[09:43:38.750] [bmv2] [D] [thread 170609] Set default default entry for table 'tbl_admit': MyIngress.admit - 
Adding interface s1-eth1 as port 1
[09:43:38.750] [bmv2] [D] [thread 170609] Adding interface s1-eth1 as port 1
Adding interface s1-eth2 as port 2
[09:43:38.752] [bmv2] [D] [thread 170609] Adding interface s1-eth2 as port 2
[09:43:38.754] [bmv2] [I] [thread 170609] Starting Thrift server on port 9090
[09:43:38.761] [bmv2] [I] [thread 170609] Thrift server was started
[09:43:43.002] [bmv2] [D] [thread 170615] [0.0] [cxt 0] Processing packet received on port 1
[09:43:43.002] [bmv2] [D] [thread 170615] [0.0] [cxt 0] Parser 'parser': start
[09:43:43.002] [bmv2] [D] [thread 170615] [0.0] [cxt 0] Parser 'parser' entering state 'start'
[09:43:43.002] [bmv2] [D] [thread 170615] [0.0] [cxt 0] Extracting header 'ethernet'
[09:43:43.002] [bmv2] [D] [thread 170615] [0.0] [cxt 0] Parser state 'start': key is 0800
[09:43:43.002] [bmv2] [T] [thread 170615] [0.0] [cxt 0] Bytes parsed: 14
[09:43:43.002] [bmv2] [D] [thread 170615] [0.0] [cxt 0] Parser 'parser' entering state 'parse_ipv4'
[09:43:43.002] [bmv2] [D] [thread 170615] [0.0] [cxt 0] Extracting header 'ipv4'
[09:43:43.002] [bmv2] [D] [thread 170615] [0.0] [cxt 0] Extracting header 'rifo'
[09:43:43.002] [bmv2] [D] [thread 170615] [0.0] [cxt 0] Parser state 'parse_ipv4' has no switch, going to default next state
[09:43:43.002] [bmv2] [T] [thread 170615] [0.0] [cxt 0] Bytes parsed: 36
[09:43:43.002] [bmv2] [D] [thread 170615] [0.0] [cxt 0] Parser 'parser': end
[09:43:43.002] [bmv2] [D] [thread 170615] [0.0] [cxt 0] Pipeline 'ingress': start
[09:43:43.002] [bmv2] [T] [thread 170615] [0.0] [cxt 0] Applying table 'tbl_admit'
[09:43:43.002] [bmv2] [D] [thread 170615] [0.0] [cxt 0] Looking up key:

[09:43:43.002] [bmv2] [D] [thread 170615] [0.0] [cxt 0] Table 'tbl_admit': miss
[09:43:43.002] [bmv2] [D] [thread 170615] [0.0] [cxt 0] Action entry is MyIngress.admit - 
[09:43:43.002] [bmv2] [T] [thread 170615] [0.0] [cxt 0] Action MyIngress.admit
[09:43:43.002] [bmv2] [T] [thread 170615] [0.0] [cxt 0] /home/p4/RIFO/rifo.p4(82) Primitive if
[09:43:43.002] [bmv2] [T] [thread 170615] [0.0] [cxt 0] /home/p4/RIFO/rifo.p4(13) Primitive 2; ...
[09:43:43.002] [bmv2] [T] [thread 170615] [0.0] [cxt 0] /home/p4/RIFO/rifo.p4(82) Primitive if
[09:43:43.002] [bmv2] [D] [thread 170615] [0.0] [cxt 0] Pipeline 'ingress': end
[09:43:43.002] [bmv2] [D] [thread 170615] [0.0] [cxt 0] Egress port is 2
[09:43:43.002] [bmv2] [D] [thread 170618] [0.0] [cxt 0] Pipeline 'egress': start
[09:43:43.002] [bmv2] [D] [thread 170618] [0.0] [cxt 0] Pipeline 'egress': end
[09:43:43.002] [bmv2] [D] [thread 170618] [0.0] [cxt 0] Deparser 'deparser': start
[09:43:43.002] [bmv2] [D] [thread 170618] [0.0] [cxt 0] Deparsing header 'ethernet'
[09:43:43.002] [bmv2] [D] [thread 170618] [0.0] [cxt 0] Deparsing header 'ipv4'
[09:43:43.002] [bmv2] [D] [thread 170618] [0.0] [cxt 0] Deparsing header 'rifo'
[09:43:43.002] [bmv2] [D] [thread 170618] [0.0] [cxt 0] Deparser 'deparser': end
[09:43:43.002] [bmv2] [D] [thread 170620] [0.0] [cxt 0] Transmitting packet of size 36 out of port 2
[09:43:47.974] [bmv2] [D] [thread 170615] [1.0] [cxt 0] Processing packet received on port 1
[09:43:47.974] [bmv2] [D] [thread 170615] [1.0] [cxt 0] Parser 'parser': start
[09:43:47.974] [bmv2] [D] [thread 170615] [1.0] [cxt 0] Parser 'parser' entering state 'start'
[09:43:47.974] [bmv2] [D] [thread 170615] [1.0] [cxt 0] Extracting header 'ethernet'
[09:43:47.974] [bmv2] [D] [thread 170615] [1.0] [cxt 0] Parser state 'start': key is 0806
[09:43:47.974] [bmv2] [T] [thread 170615] [1.0] [cxt 0] Bytes parsed: 14
[09:43:47.974] [bmv2] [D] [thread 170615] [1.0] [cxt 0] Parser 'parser': end
[09:43:47.974] [bmv2] [D] [thread 170615] [1.0] [cxt 0] Pipeline 'ingress': start
[09:43:47.974] [bmv2] [T] [thread 170615] [1.0] [cxt 0] Applying table 'tbl_admit'
[09:43:47.974] [bmv2] [D] [thread 170615] [1.0] [cxt 0] Looking up key:

[09:43:47.974] [bmv2] [D] [thread 170615] [1.0] [cxt 0] Table 'tbl_admit': miss
[09:43:47.974] [bmv2] [D] [thread 170615] [1.0] [cxt 0] Action entry is MyIngress.admit - 
[09:43:47.974] [bmv2] [T] [thread 170615] [1.0] [cxt 0] Action MyIngress.admit
[09:43:47.974] [bmv2] [T] [thread 170615] [1.0] [cxt 0] /home/p4/RIFO/rifo.p4(82) Primitive if
[09:43:47.974] [bmv2] [T] [thread 170615] [1.0] [cxt 0] /home/p4/RIFO/rifo.p4(13) Primitive 2; ...
[09:43:47.974] [bmv2] [T] [thread 170615] [1.0] [cxt 0] /home/p4/RIFO/rifo.p4(82) Primitive if
[09:43:47.974] [bmv2] [D] [thread 170615] [1.0] [cxt 0] Pipeline 'ingress': end
[09:43:47.974] [bmv2] [D] [thread 170615] [1.0] [cxt 0] Egress port is 2
[09:43:47.974] [bmv2] [D] [thread 170618] [1.0] [cxt 0] Pipeline 'egress': start
[09:43:47.974] [bmv2] [D] [thread 170618] [1.0] [cxt 0] Pipeline 'egress': end
[09:43:47.974] [bmv2] [D] [thread 170618] [1.0] [cxt 0] Deparser 'deparser': start
[09:43:47.974] [bmv2] [D] [thread 170618] [1.0] [cxt 0] Deparsing header 'ethernet'
[09:43:47.974] [bmv2] [D] [thread 170618] [1.0] [cxt 0] Deparser 'deparser': end
[09:43:47.974] [bmv2] [D] [thread 170620] [1.0] [cxt 0] Transmitting packet of size 42 out of port 2
[09:43:49.988] [bmv2] [D] [thread 170615] [2.0] [cxt 0] Processing packet received on port 1
[09:43:49.988] [bmv2] [D] [thread 170615] [2.0] [cxt 0] Parser 'parser': start
[09:43:49.988] [bmv2] [D] [thread 170615] [2.0] [cxt 0] Parser 'parser' entering state 'start'
[09:43:49.988] [bmv2] [D] [thread 170615] [2.0] [cxt 0] Extracting header 'ethernet'
[09:43:49.988] [bmv2] [D] [thread 170615] [2.0] [cxt 0] Parser state 'start': key is 0806
[09:43:49.988] [bmv2] [T] [thread 170615] [2.0] [cxt 0] Bytes parsed: 14
[09:43:49.988] [bmv2] [D] [thread 170615] [2.0] [cxt 0] Parser 'parser': end
[09:43:49.988] [bmv2] [D] [thread 170615] [2.0] [cxt 0] Pipeline 'ingress': start
[09:43:49.988] [bmv2] [T] [thread 170615] [2.0] [cxt 0] Applying table 'tbl_admit'
[09:43:49.988] [bmv2] [D] [thread 170615] [2.0] [cxt 0] Looking up key:

[09:43:49.988] [bmv2] [D] [thread 170615] [2.0] [cxt 0] Table 'tbl_admit': miss
[09:43:49.988] [bmv2] [D] [thread 170615] [2.0] [cxt 0] Action entry is MyIngress.admit - 
[09:43:49.988] [bmv2] [T] [thread 170615] [2.0] [cxt 0] Action MyIngress.admit
[09:43:49.988] [bmv2] [T] [thread 170615] [2.0] [cxt 0] /home/p4/RIFO/rifo.p4(82) Primitive if
[09:43:49.988] [bmv2] [T] [thread 170615] [2.0] [cxt 0] /home/p4/RIFO/rifo.p4(13) Primitive 2; ...
[09:43:49.988] [bmv2] [T] [thread 170615] [2.0] [cxt 0] /home/p4/RIFO/rifo.p4(82) Primitive if
[09:43:49.988] [bmv2] [D] [thread 170615] [2.0] [cxt 0] Pipeline 'ingress': end
[09:43:49.988] [bmv2] [D] [thread 170615] [2.0] [cxt 0] Egress port is 2
[09:43:49.988] [bmv2] [D] [thread 170618] [2.0] [cxt 0] Pipeline 'egress': start
[09:43:49.988] [bmv2] [D] [thread 170618] [2.0] [cxt 0] Pipeline 'egress': end
[09:43:49.988] [bmv2] [D] [thread 170618] [2.0] [cxt 0] Deparser 'deparser': start
[09:43:49.988] [bmv2] [D] [thread 170618] [2.0] [cxt 0] Deparsing header 'ethernet'
[09:43:49.988] [bmv2] [D] [thread 170618] [2.0] [cxt 0] Deparser 'deparser': end
[09:43:49.988] [bmv2] [D] [thread 170620] [2.0] [cxt 0] Transmitting packet of size 42 out of port 2
[09:43:51.992] [bmv2] [D] [thread 170615] [3.0] [cxt 0] Processing packet received on port 1
[09:43:51.992] [bmv2] [D] [thread 170615] [3.0] [cxt 0] Parser 'parser': start
[09:43:51.992] [bmv2] [D] [thread 170615] [3.0] [cxt 0] Parser 'parser' entering state 'start'
[09:43:51.992] [bmv2] [D] [thread 170615] [3.0] [cxt 0] Extracting header 'ethernet'
[09:43:51.992] [bmv2] [D] [thread 170615] [3.0] [cxt 0] Parser state 'start': key is 0800
[09:43:51.992] [bmv2] [T] [thread 170615] [3.0] [cxt 0] Bytes parsed: 14
[09:43:51.992] [bmv2] [D] [thread 170615] [3.0] [cxt 0] Parser 'parser' entering state 'parse_ipv4'
[09:43:51.992] [bmv2] [D] [thread 170615] [3.0] [cxt 0] Extracting header 'ipv4'
[09:43:51.992] [bmv2] [D] [thread 170615] [3.0] [cxt 0] Extracting header 'rifo'
[09:43:51.992] [bmv2] [D] [thread 170615] [3.0] [cxt 0] Parser state 'parse_ipv4' has no switch, going to default next state
[09:43:51.992] [bmv2] [T] [thread 170615] [3.0] [cxt 0] Bytes parsed: 36
[09:43:51.992] [bmv2] [D] [thread 170615] [3.0] [cxt 0] Parser 'parser': end
[09:43:51.992] [bmv2] [D] [thread 170615] [3.0] [cxt 0] Pipeline 'ingress': start
[09:43:51.992] [bmv2] [T] [thread 170615] [3.0] [cxt 0] Applying table 'tbl_admit'
[09:43:51.992] [bmv2] [D] [thread 170615] [3.0] [cxt 0] Looking up key:

[09:43:51.992] [bmv2] [D] [thread 170615] [3.0] [cxt 0] Table 'tbl_admit': miss
[09:43:51.992] [bmv2] [D] [thread 170615] [3.0] [cxt 0] Action entry is MyIngress.admit - 
[09:43:51.992] [bmv2] [T] [thread 170615] [3.0] [cxt 0] Action MyIngress.admit
[09:43:51.992] [bmv2] [T] [thread 170615] [3.0] [cxt 0] /home/p4/RIFO/rifo.p4(82) Primitive if
[09:43:51.992] [bmv2] [T] [thread 170615] [3.0] [cxt 0] /home/p4/RIFO/rifo.p4(13) Primitive 2; ...
[09:43:51.992] [bmv2] [T] [thread 170615] [3.0] [cxt 0] /home/p4/RIFO/rifo.p4(82) Primitive if
[09:43:51.992] [bmv2] [D] [thread 170615] [3.0] [cxt 0] Pipeline 'ingress': end
[09:43:51.992] [bmv2] [D] [thread 170615] [3.0] [cxt 0] Egress port is 2
[09:43:51.993] [bmv2] [D] [thread 170618] [3.0] [cxt 0] Pipeline 'egress': start
[09:43:51.993] [bmv2] [D] [thread 170618] [3.0] [cxt 0] Pipeline 'egress': end
[09:43:51.993] [bmv2] [D] [thread 170618] [3.0] [cxt 0] Deparser 'deparser': start
[09:43:51.993] [bmv2] [D] [thread 170618] [3.0] [cxt 0] Deparsing header 'ethernet'
[09:43:51.993] [bmv2] [D] [thread 170618] [3.0] [cxt 0] Deparsing header 'ipv4'
[09:43:51.993] [bmv2] [D] [thread 170618] [3.0] [cxt 0] Deparsing header 'rifo'
[09:43:51.993] [bmv2] [D] [thread 170618] [3.0] [cxt 0] Deparser 'deparser': end
[09:43:51.993] [bmv2] [D] [thread 170620] [3.0] [cxt 0] Transmitting packet of size 48 out of port 2
[09:43:52.496] [bmv2] [D] [thread 170615] [4.0] [cxt 0] Processing packet received on port 1
[09:43:52.496] [bmv2] [D] [thread 170615] [4.0] [cxt 0] Parser 'parser': start
[09:43:52.496] [bmv2] [D] [thread 170615] [4.0] [cxt 0] Parser 'parser' entering state 'start'
[09:43:52.496] [bmv2] [D] [thread 170615] [4.0] [cxt 0] Extracting header 'ethernet'
[09:43:52.496] [bmv2] [D] [thread 170615] [4.0] [cxt 0] Parser state 'start': key is 0806
[09:43:52.496] [bmv2] [T] [thread 170615] [4.0] [cxt 0] Bytes parsed: 14
[09:43:52.496] [bmv2] [D] [thread 170615] [4.0] [cxt 0] Parser 'parser': end
[09:43:52.496] [bmv2] [D] [thread 170615] [4.0] [cxt 0] Pipeline 'ingress': start
[09:43:52.496] [bmv2] [T] [thread 170615] [4.0] [cxt 0] Applying table 'tbl_admit'
[09:43:52.496] [bmv2] [D] [thread 170615] [4.0] [cxt 0] Looking up key:

[09:43:52.496] [bmv2] [D] [thread 170615] [4.0] [cxt 0] Table 'tbl_admit': miss
[09:43:52.496] [bmv2] [D] [thread 170615] [4.0] [cxt 0] Action entry is MyIngress.admit - 
[09:43:52.496] [bmv2] [T] [thread 170615] [4.0] [cxt 0] Action MyIngress.admit
[09:43:52.496] [bmv2] [T] [thread 170615] [4.0] [cxt 0] /home/p4/RIFO/rifo.p4(82) Primitive if
[09:43:52.496] [bmv2] [T] [thread 170615] [4.0] [cxt 0] /home/p4/RIFO/rifo.p4(13) Primitive 2; ...
[09:43:52.496] [bmv2] [T] [thread 170615] [4.0] [cxt 0] /home/p4/RIFO/rifo.p4(82) Primitive if
[09:43:52.496] [bmv2] [D] [thread 170615] [4.0] [cxt 0] Pipeline 'ingress': end
[09:43:52.496] [bmv2] [D] [thread 170615] [4.0] [cxt 0] Egress port is 2
[09:43:52.496] [bmv2] [D] [thread 170618] [4.0] [cxt 0] Pipeline 'egress': start
[09:43:52.496] [bmv2] [D] [thread 170618] [4.0] [cxt 0] Pipeline 'egress': end
[09:43:52.496] [bmv2] [D] [thread 170618] [4.0] [cxt 0] Deparser 'deparser': start
[09:43:52.496] [bmv2] [D] [thread 170618] [4.0] [cxt 0] Deparsing header 'ethernet'
[09:43:52.496] [bmv2] [D] [thread 170618] [4.0] [cxt 0] Deparser 'deparser': end
[09:43:52.496] [bmv2] [D] [thread 170620] [4.0] [cxt 0] Transmitting packet of size 42 out of port 2
[09:43:54.508] [bmv2] [D] [thread 170615] [5.0] [cxt 0] Processing packet received on port 1
[09:43:54.508] [bmv2] [D] [thread 170615] [5.0] [cxt 0] Parser 'parser': start
[09:43:54.508] [bmv2] [D] [thread 170615] [5.0] [cxt 0] Parser 'parser' entering state 'start'
[09:43:54.508] [bmv2] [D] [thread 170615] [5.0] [cxt 0] Extracting header 'ethernet'
[09:43:54.508] [bmv2] [D] [thread 170615] [5.0] [cxt 0] Parser state 'start': key is 0806
[09:43:54.508] [bmv2] [T] [thread 170615] [5.0] [cxt 0] Bytes parsed: 14
[09:43:54.508] [bmv2] [D] [thread 170615] [5.0] [cxt 0] Parser 'parser': end
[09:43:54.508] [bmv2] [D] [thread 170615] [5.0] [cxt 0] Pipeline 'ingress': start
[09:43:54.508] [bmv2] [T] [thread 170615] [5.0] [cxt 0] Applying table 'tbl_admit'
[09:43:54.508] [bmv2] [D] [thread 170615] [5.0] [cxt 0] Looking up key:

[09:43:54.508] [bmv2] [D] [thread 170615] [5.0] [cxt 0] Table 'tbl_admit': miss
[09:43:54.508] [bmv2] [D] [thread 170615] [5.0] [cxt 0] Action entry is MyIngress.admit - 
[09:43:54.508] [bmv2] [T] [thread 170615] [5.0] [cxt 0] Action MyIngress.admit
[09:43:54.508] [bmv2] [T] [thread 170615] [5.0] [cxt 0] /home/p4/RIFO/rifo.p4(82) Primitive if
[09:43:54.508] [bmv2] [T] [thread 170615] [5.0] [cxt 0] /home/p4/RIFO/rifo.p4(13) Primitive 2; ...
[09:43:54.508] [bmv2] [T] [thread 170615] [5.0] [cxt 0] /home/p4/RIFO/rifo.p4(82) Primitive if
[09:43:54.508] [bmv2] [D] [thread 170615] [5.0] [cxt 0] Pipeline 'ingress': end
[09:43:54.508] [bmv2] [D] [thread 170615] [5.0] [cxt 0] Egress port is 2
[09:43:54.509] [bmv2] [D] [thread 170618] [5.0] [cxt 0] Pipeline 'egress': start
[09:43:54.509] [bmv2] [D] [thread 170618] [5.0] [cxt 0] Pipeline 'egress': end
[09:43:54.509] [bmv2] [D] [thread 170618] [5.0] [cxt 0] Deparser 'deparser': start
[09:43:54.509] [bmv2] [D] [thread 170618] [5.0] [cxt 0] Deparsing header 'ethernet'
[09:43:54.509] [bmv2] [D] [thread 170618] [5.0] [cxt 0] Deparser 'deparser': end
[09:43:54.509] [bmv2] [D] [thread 170620] [5.0] [cxt 0] Transmitting packet of size 42 out of port 2
[09:43:56.515] [bmv2] [D] [thread 170615] [6.0] [cxt 0] Processing packet received on port 1
[09:43:56.515] [bmv2] [D] [thread 170615] [6.0] [cxt 0] Parser 'parser': start
[09:43:56.515] [bmv2] [D] [thread 170615] [6.0] [cxt 0] Parser 'parser' entering state 'start'
[09:43:56.515] [bmv2] [D] [thread 170615] [6.0] [cxt 0] Extracting header 'ethernet'
[09:43:56.515] [bmv2] [D] [thread 170615] [6.0] [cxt 0] Parser state 'start': key is 0800
[09:43:56.515] [bmv2] [T] [thread 170615] [6.0] [cxt 0] Bytes parsed: 14
[09:43:56.515] [bmv2] [D] [thread 170615] [6.0] [cxt 0] Parser 'parser' entering state 'parse_ipv4'
[09:43:56.515] [bmv2] [D] [thread 170615] [6.0] [cxt 0] Extracting header 'ipv4'
[09:43:56.515] [bmv2] [D] [thread 170615] [6.0] [cxt 0] Extracting header 'rifo'
[09:43:56.515] [bmv2] [D] [thread 170615] [6.0] [cxt 0] Parser state 'parse_ipv4' has no switch, going to default next state
[09:43:56.515] [bmv2] [T] [thread 170615] [6.0] [cxt 0] Bytes parsed: 36
[09:43:56.515] [bmv2] [D] [thread 170615] [6.0] [cxt 0] Parser 'parser': end
[09:43:56.515] [bmv2] [D] [thread 170615] [6.0] [cxt 0] Pipeline 'ingress': start
[09:43:56.515] [bmv2] [T] [thread 170615] [6.0] [cxt 0] Applying table 'tbl_admit'
[09:43:56.515] [bmv2] [D] [thread 170615] [6.0] [cxt 0] Looking up key:

[09:43:56.515] [bmv2] [D] [thread 170615] [6.0] [cxt 0] Table 'tbl_admit': miss
[09:43:56.515] [bmv2] [D] [thread 170615] [6.0] [cxt 0] Action entry is MyIngress.admit - 
[09:43:56.515] [bmv2] [T] [thread 170615] [6.0] [cxt 0] Action MyIngress.admit
[09:43:56.515] [bmv2] [T] [thread 170615] [6.0] [cxt 0] /home/p4/RIFO/rifo.p4(82) Primitive if
[09:43:56.515] [bmv2] [T] [thread 170615] [6.0] [cxt 0] /home/p4/RIFO/rifo.p4(13) Primitive 2; ...
[09:43:56.515] [bmv2] [T] [thread 170615] [6.0] [cxt 0] /home/p4/RIFO/rifo.p4(82) Primitive if
[09:43:56.515] [bmv2] [D] [thread 170615] [6.0] [cxt 0] Pipeline 'ingress': end
[09:43:56.515] [bmv2] [D] [thread 170615] [6.0] [cxt 0] Egress port is 2
[09:43:56.515] [bmv2] [D] [thread 170618] [6.0] [cxt 0] Pipeline 'egress': start
[09:43:56.515] [bmv2] [D] [thread 170618] [6.0] [cxt 0] Pipeline 'egress': end
[09:43:56.515] [bmv2] [D] [thread 170618] [6.0] [cxt 0] Deparser 'deparser': start
[09:43:56.515] [bmv2] [D] [thread 170618] [6.0] [cxt 0] Deparsing header 'ethernet'
[09:43:56.515] [bmv2] [D] [thread 170618] [6.0] [cxt 0] Deparsing header 'ipv4'
[09:43:56.515] [bmv2] [D] [thread 170618] [6.0] [cxt 0] Deparsing header 'rifo'
[09:43:56.515] [bmv2] [D] [thread 170618] [6.0] [cxt 0] Deparser 'deparser': end
[09:43:56.515] [bmv2] [D] [thread 170620] [6.0] [cxt 0] Transmitting packet of size 48 out of port 2
[09:43:57.018] [bmv2] [D] [thread 170615] [7.0] [cxt 0] Processing packet received on port 1
[09:43:57.018] [bmv2] [D] [thread 170615] [7.0] [cxt 0] Parser 'parser': start
[09:43:57.018] [bmv2] [D] [thread 170615] [7.0] [cxt 0] Parser 'parser' entering state 'start'
[09:43:57.018] [bmv2] [D] [thread 170615] [7.0] [cxt 0] Extracting header 'ethernet'
[09:43:57.018] [bmv2] [D] [thread 170615] [7.0] [cxt 0] Parser state 'start': key is 0806
[09:43:57.018] [bmv2] [T] [thread 170615] [7.0] [cxt 0] Bytes parsed: 14
[09:43:57.018] [bmv2] [D] [thread 170615] [7.0] [cxt 0] Parser 'parser': end
[09:43:57.018] [bmv2] [D] [thread 170615] [7.0] [cxt 0] Pipeline 'ingress': start
[09:43:57.018] [bmv2] [T] [thread 170615] [7.0] [cxt 0] Applying table 'tbl_admit'
[09:43:57.018] [bmv2] [D] [thread 170615] [7.0] [cxt 0] Looking up key:

[09:43:57.018] [bmv2] [D] [thread 170615] [7.0] [cxt 0] Table 'tbl_admit': miss
[09:43:57.018] [bmv2] [D] [thread 170615] [7.0] [cxt 0] Action entry is MyIngress.admit - 
[09:43:57.018] [bmv2] [T] [thread 170615] [7.0] [cxt 0] Action MyIngress.admit
[09:43:57.018] [bmv2] [T] [thread 170615] [7.0] [cxt 0] /home/p4/RIFO/rifo.p4(82) Primitive if
[09:43:57.018] [bmv2] [T] [thread 170615] [7.0] [cxt 0] /home/p4/RIFO/rifo.p4(13) Primitive 2; ...
[09:43:57.018] [bmv2] [T] [thread 170615] [7.0] [cxt 0] /home/p4/RIFO/rifo.p4(82) Primitive if
[09:43:57.018] [bmv2] [D] [thread 170615] [7.0] [cxt 0] Pipeline 'ingress': end
[09:43:57.018] [bmv2] [D] [thread 170615] [7.0] [cxt 0] Egress port is 2
[09:43:57.018] [bmv2] [D] [thread 170618] [7.0] [cxt 0] Pipeline 'egress': start
[09:43:57.018] [bmv2] [D] [thread 170618] [7.0] [cxt 0] Pipeline 'egress': end
[09:43:57.018] [bmv2] [D] [thread 170618] [7.0] [cxt 0] Deparser 'deparser': start
[09:43:57.018] [bmv2] [D] [thread 170618] [7.0] [cxt 0] Deparsing header 'ethernet'
[09:43:57.018] [bmv2] [D] [thread 170618] [7.0] [cxt 0] Deparser 'deparser': end
[09:43:57.018] [bmv2] [D] [thread 170620] [7.0] [cxt 0] Transmitting packet of size 42 out of port 2
[09:43:59.034] [bmv2] [D] [thread 170615] [8.0] [cxt 0] Processing packet received on port 1
[09:43:59.035] [bmv2] [D] [thread 170615] [8.0] [cxt 0] Parser 'parser': start
[09:43:59.035] [bmv2] [D] [thread 170615] [8.0] [cxt 0] Parser 'parser' entering state 'start'
[09:43:59.035] [bmv2] [D] [thread 170615] [8.0] [cxt 0] Extracting header 'ethernet'
[09:43:59.035] [bmv2] [D] [thread 170615] [8.0] [cxt 0] Parser state 'start': key is 0806
[09:43:59.035] [bmv2] [T] [thread 170615] [8.0] [cxt 0] Bytes parsed: 14
[09:43:59.035] [bmv2] [D] [thread 170615] [8.0] [cxt 0] Parser 'parser': end
[09:43:59.035] [bmv2] [D] [thread 170615] [8.0] [cxt 0] Pipeline 'ingress': start
[09:43:59.035] [bmv2] [T] [thread 170615] [8.0] [cxt 0] Applying table 'tbl_admit'
[09:43:59.035] [bmv2] [D] [thread 170615] [8.0] [cxt 0] Looking up key:

[09:43:59.035] [bmv2] [D] [thread 170615] [8.0] [cxt 0] Table 'tbl_admit': miss
[09:43:59.035] [bmv2] [D] [thread 170615] [8.0] [cxt 0] Action entry is MyIngress.admit - 
[09:43:59.035] [bmv2] [T] [thread 170615] [8.0] [cxt 0] Action MyIngress.admit
[09:43:59.035] [bmv2] [T] [thread 170615] [8.0] [cxt 0] /home/p4/RIFO/rifo.p4(82) Primitive if
[09:43:59.035] [bmv2] [T] [thread 170615] [8.0] [cxt 0] /home/p4/RIFO/rifo.p4(13) Primitive 2; ...
[09:43:59.035] [bmv2] [T] [thread 170615] [8.0] [cxt 0] /home/p4/RIFO/rifo.p4(82) Primitive if
[09:43:59.035] [bmv2] [D] [thread 170615] [8.0] [cxt 0] Pipeline 'ingress': end
[09:43:59.035] [bmv2] [D] [thread 170615] [8.0] [cxt 0] Egress port is 2
[09:43:59.035] [bmv2] [D] [thread 170618] [8.0] [cxt 0] Pipeline 'egress': start
[09:43:59.035] [bmv2] [D] [thread 170618] [8.0] [cxt 0] Pipeline 'egress': end
[09:43:59.035] [bmv2] [D] [thread 170618] [8.0] [cxt 0] Deparser 'deparser': start
[09:43:59.035] [bmv2] [D] [thread 170618] [8.0] [cxt 0] Deparsing header 'ethernet'
[09:43:59.035] [bmv2] [D] [thread 170618] [8.0] [cxt 0] Deparser 'deparser': end
[09:43:59.035] [bmv2] [D] [thread 170620] [8.0] [cxt 0] Transmitting packet of size 42 out of port 2
[09:44:01.040] [bmv2] [D] [thread 170615] [9.0] [cxt 0] Processing packet received on port 1
[09:44:01.040] [bmv2] [D] [thread 170615] [9.0] [cxt 0] Parser 'parser': start
[09:44:01.040] [bmv2] [D] [thread 170615] [9.0] [cxt 0] Parser 'parser' entering state 'start'
[09:44:01.040] [bmv2] [D] [thread 170615] [9.0] [cxt 0] Extracting header 'ethernet'
[09:44:01.040] [bmv2] [D] [thread 170615] [9.0] [cxt 0] Parser state 'start': key is 0800
[09:44:01.040] [bmv2] [T] [thread 170615] [9.0] [cxt 0] Bytes parsed: 14
[09:44:01.040] [bmv2] [D] [thread 170615] [9.0] [cxt 0] Parser 'parser' entering state 'parse_ipv4'
[09:44:01.040] [bmv2] [D] [thread 170615] [9.0] [cxt 0] Extracting header 'ipv4'
[09:44:01.040] [bmv2] [D] [thread 170615] [9.0] [cxt 0] Extracting header 'rifo'
[09:44:01.040] [bmv2] [D] [thread 170615] [9.0] [cxt 0] Parser state 'parse_ipv4' has no switch, going to default next state
[09:44:01.040] [bmv2] [T] [thread 170615] [9.0] [cxt 0] Bytes parsed: 36
[09:44:01.040] [bmv2] [D] [thread 170615] [9.0] [cxt 0] Parser 'parser': end
[09:44:01.040] [bmv2] [D] [thread 170615] [9.0] [cxt 0] Pipeline 'ingress': start
[09:44:01.040] [bmv2] [T] [thread 170615] [9.0] [cxt 0] Applying table 'tbl_admit'
[09:44:01.040] [bmv2] [D] [thread 170615] [9.0] [cxt 0] Looking up key:

[09:44:01.040] [bmv2] [D] [thread 170615] [9.0] [cxt 0] Table 'tbl_admit': miss
[09:44:01.040] [bmv2] [D] [thread 170615] [9.0] [cxt 0] Action entry is MyIngress.admit - 
[09:44:01.040] [bmv2] [T] [thread 170615] [9.0] [cxt 0] Action MyIngress.admit
[09:44:01.040] [bmv2] [T] [thread 170615] [9.0] [cxt 0] /home/p4/RIFO/rifo.p4(82) Primitive if
[09:44:01.040] [bmv2] [T] [thread 170615] [9.0] [cxt 0] /home/p4/RIFO/rifo.p4(13) Primitive 2; ...
[09:44:01.040] [bmv2] [T] [thread 170615] [9.0] [cxt 0] /home/p4/RIFO/rifo.p4(82) Primitive if
[09:44:01.040] [bmv2] [D] [thread 170615] [9.0] [cxt 0] Pipeline 'ingress': end
[09:44:01.040] [bmv2] [D] [thread 170615] [9.0] [cxt 0] Egress port is 2
[09:44:01.040] [bmv2] [D] [thread 170618] [9.0] [cxt 0] Pipeline 'egress': start
[09:44:01.040] [bmv2] [D] [thread 170618] [9.0] [cxt 0] Pipeline 'egress': end
[09:44:01.040] [bmv2] [D] [thread 170618] [9.0] [cxt 0] Deparser 'deparser': start
[09:44:01.040] [bmv2] [D] [thread 170618] [9.0] [cxt 0] Deparsing header 'ethernet'
[09:44:01.040] [bmv2] [D] [thread 170618] [9.0] [cxt 0] Deparsing header 'ipv4'
[09:44:01.040] [bmv2] [D] [thread 170618] [9.0] [cxt 0] Deparsing header 'rifo'
[09:44:01.040] [bmv2] [D] [thread 170618] [9.0] [cxt 0] Deparser 'deparser': end
[09:44:01.040] [bmv2] [D] [thread 170620] [9.0] [cxt 0] Transmitting packet of size 49 out of port 2
[09:44:01.544] [bmv2] [D] [thread 170615] [10.0] [cxt 0] Processing packet received on port 1
[09:44:01.544] [bmv2] [D] [thread 170615] [10.0] [cxt 0] Parser 'parser': start
[09:44:01.544] [bmv2] [D] [thread 170615] [10.0] [cxt 0] Parser 'parser' entering state 'start'
[09:44:01.544] [bmv2] [D] [thread 170615] [10.0] [cxt 0] Extracting header 'ethernet'
[09:44:01.544] [bmv2] [D] [thread 170615] [10.0] [cxt 0] Parser state 'start': key is 0806
[09:44:01.544] [bmv2] [T] [thread 170615] [10.0] [cxt 0] Bytes parsed: 14
[09:44:01.544] [bmv2] [D] [thread 170615] [10.0] [cxt 0] Parser 'parser': end
[09:44:01.544] [bmv2] [D] [thread 170615] [10.0] [cxt 0] Pipeline 'ingress': start
[09:44:01.544] [bmv2] [T] [thread 170615] [10.0] [cxt 0] Applying table 'tbl_admit'
[09:44:01.544] [bmv2] [D] [thread 170615] [10.0] [cxt 0] Looking up key:

[09:44:01.544] [bmv2] [D] [thread 170615] [10.0] [cxt 0] Table 'tbl_admit': miss
[09:44:01.544] [bmv2] [D] [thread 170615] [10.0] [cxt 0] Action entry is MyIngress.admit - 
[09:44:01.544] [bmv2] [T] [thread 170615] [10.0] [cxt 0] Action MyIngress.admit
[09:44:01.544] [bmv2] [T] [thread 170615] [10.0] [cxt 0] /home/p4/RIFO/rifo.p4(82) Primitive if
[09:44:01.544] [bmv2] [T] [thread 170615] [10.0] [cxt 0] /home/p4/RIFO/rifo.p4(13) Primitive 2; ...
[09:44:01.544] [bmv2] [T] [thread 170615] [10.0] [cxt 0] /home/p4/RIFO/rifo.p4(82) Primitive if
[09:44:01.544] [bmv2] [D] [thread 170615] [10.0] [cxt 0] Pipeline 'ingress': end
[09:44:01.544] [bmv2] [D] [thread 170615] [10.0] [cxt 0] Egress port is 2
[09:44:01.544] [bmv2] [D] [thread 170618] [10.0] [cxt 0] Pipeline 'egress': start
[09:44:01.544] [bmv2] [D] [thread 170618] [10.0] [cxt 0] Pipeline 'egress': end
[09:44:01.544] [bmv2] [D] [thread 170618] [10.0] [cxt 0] Deparser 'deparser': start
[09:44:01.544] [bmv2] [D] [thread 170618] [10.0] [cxt 0] Deparsing header 'ethernet'
[09:44:01.544] [bmv2] [D] [thread 170618] [10.0] [cxt 0] Deparser 'deparser': end
[09:44:01.544] [bmv2] [D] [thread 170620] [10.0] [cxt 0] Transmitting packet of size 42 out of port 2
[09:44:03.563] [bmv2] [D] [thread 170615] [11.0] [cxt 0] Processing packet received on port 1
[09:44:03.563] [bmv2] [D] [thread 170615] [11.0] [cxt 0] Parser 'parser': start
[09:44:03.563] [bmv2] [D] [thread 170615] [11.0] [cxt 0] Parser 'parser' entering state 'start'
[09:44:03.563] [bmv2] [D] [thread 170615] [11.0] [cxt 0] Extracting header 'ethernet'
[09:44:03.563] [bmv2] [D] [thread 170615] [11.0] [cxt 0] Parser state 'start': key is 0806
[09:44:03.563] [bmv2] [T] [thread 170615] [11.0] [cxt 0] Bytes parsed: 14
[09:44:03.563] [bmv2] [D] [thread 170615] [11.0] [cxt 0] Parser 'parser': end
[09:44:03.563] [bmv2] [D] [thread 170615] [11.0] [cxt 0] Pipeline 'ingress': start
[09:44:03.563] [bmv2] [T] [thread 170615] [11.0] [cxt 0] Applying table 'tbl_admit'
[09:44:03.563] [bmv2] [D] [thread 170615] [11.0] [cxt 0] Looking up key:

[09:44:03.563] [bmv2] [D] [thread 170615] [11.0] [cxt 0] Table 'tbl_admit': miss
[09:44:03.563] [bmv2] [D] [thread 170615] [11.0] [cxt 0] Action entry is MyIngress.admit - 
[09:44:03.563] [bmv2] [T] [thread 170615] [11.0] [cxt 0] Action MyIngress.admit
[09:44:03.563] [bmv2] [T] [thread 170615] [11.0] [cxt 0] /home/p4/RIFO/rifo.p4(82) Primitive if
[09:44:03.563] [bmv2] [T] [thread 170615] [11.0] [cxt 0] /home/p4/RIFO/rifo.p4(13) Primitive 2; ...
[09:44:03.563] [bmv2] [T] [thread 170615] [11.0] [cxt 0] /home/p4/RIFO/rifo.p4(82) Primitive if
[09:44:03.563] [bmv2] [D] [thread 170615] [11.0] [cxt 0] Pipeline 'ingress': end
[09:44:03.563] [bmv2] [D] [thread 170615] [11.0] [cxt 0] Egress port is 2
[09:44:03.563] [bmv2] [D] [thread 170618] [11.0] [cxt 0] Pipeline 'egress': start
[09:44:03.563] [bmv2] [D] [thread 170618] [11.0] [cxt 0] Pipeline 'egress': end
[09:44:03.563] [bmv2] [D] [thread 170618] [11.0] [cxt 0] Deparser 'deparser': start
[09:44:03.563] [bmv2] [D] [thread 170618] [11.0] [cxt 0] Deparsing header 'ethernet'
[09:44:03.563] [bmv2] [D] [thread 170618] [11.0] [cxt 0] Deparser 'deparser': end
[09:44:03.563] [bmv2] [D] [thread 170620] [11.0] [cxt 0] Transmitting packet of size 42 out of port 2
[09:44:05.568] [bmv2] [D] [thread 170615] [12.0] [cxt 0] Processing packet received on port 1
[09:44:05.568] [bmv2] [D] [thread 170615] [12.0] [cxt 0] Parser 'parser': start
[09:44:05.568] [bmv2] [D] [thread 170615] [12.0] [cxt 0] Parser 'parser' entering state 'start'
[09:44:05.568] [bmv2] [D] [thread 170615] [12.0] [cxt 0] Extracting header 'ethernet'
[09:44:05.568] [bmv2] [D] [thread 170615] [12.0] [cxt 0] Parser state 'start': key is 0800
[09:44:05.568] [bmv2] [T] [thread 170615] [12.0] [cxt 0] Bytes parsed: 14
[09:44:05.568] [bmv2] [D] [thread 170615] [12.0] [cxt 0] Parser 'parser' entering state 'parse_ipv4'
[09:44:05.568] [bmv2] [D] [thread 170615] [12.0] [cxt 0] Extracting header 'ipv4'
[09:44:05.568] [bmv2] [D] [thread 170615] [12.0] [cxt 0] Extracting header 'rifo'
[09:44:05.568] [bmv2] [D] [thread 170615] [12.0] [cxt 0] Parser state 'parse_ipv4' has no switch, going to default next state
[09:44:05.568] [bmv2] [T] [thread 170615] [12.0] [cxt 0] Bytes parsed: 36
[09:44:05.568] [bmv2] [D] [thread 170615] [12.0] [cxt 0] Parser 'parser': end
[09:44:05.568] [bmv2] [D] [thread 170615] [12.0] [cxt 0] Pipeline 'ingress': start
[09:44:05.568] [bmv2] [T] [thread 170615] [12.0] [cxt 0] Applying table 'tbl_admit'
[09:44:05.568] [bmv2] [D] [thread 170615] [12.0] [cxt 0] Looking up key:

[09:44:05.568] [bmv2] [D] [thread 170615] [12.0] [cxt 0] Table 'tbl_admit': miss
[09:44:05.568] [bmv2] [D] [thread 170615] [12.0] [cxt 0] Action entry is MyIngress.admit - 
[09:44:05.568] [bmv2] [T] [thread 170615] [12.0] [cxt 0] Action MyIngress.admit
[09:44:05.568] [bmv2] [T] [thread 170615] [12.0] [cxt 0] /home/p4/RIFO/rifo.p4(82) Primitive if
[09:44:05.568] [bmv2] [T] [thread 170615] [12.0] [cxt 0] /home/p4/RIFO/rifo.p4(13) Primitive 2; ...
[09:44:05.568] [bmv2] [T] [thread 170615] [12.0] [cxt 0] /home/p4/RIFO/rifo.p4(82) Primitive if
[09:44:05.568] [bmv2] [D] [thread 170615] [12.0] [cxt 0] Pipeline 'ingress': end
[09:44:05.568] [bmv2] [D] [thread 170615] [12.0] [cxt 0] Egress port is 2
[09:44:05.568] [bmv2] [D] [thread 170618] [12.0] [cxt 0] Pipeline 'egress': start
[09:44:05.568] [bmv2] [D] [thread 170618] [12.0] [cxt 0] Pipeline 'egress': end
[09:44:05.568] [bmv2] [D] [thread 170618] [12.0] [cxt 0] Deparser 'deparser': start
[09:44:05.568] [bmv2] [D] [thread 170618] [12.0] [cxt 0] Deparsing header 'ethernet'
[09:44:05.568] [bmv2] [D] [thread 170618] [12.0] [cxt 0] Deparsing header 'ipv4'
[09:44:05.568] [bmv2] [D] [thread 170618] [12.0] [cxt 0] Deparsing header 'rifo'
[09:44:05.568] [bmv2] [D] [thread 170618] [12.0] [cxt 0] Deparser 'deparser': end
[09:44:05.568] [bmv2] [D] [thread 170620] [12.0] [cxt 0] Transmitting packet of size 49 out of port 2
[09:44:06.071] [bmv2] [D] [thread 170615] [13.0] [cxt 0] Processing packet received on port 1
[09:44:06.071] [bmv2] [D] [thread 170615] [13.0] [cxt 0] Parser 'parser': start
[09:44:06.071] [bmv2] [D] [thread 170615] [13.0] [cxt 0] Parser 'parser' entering state 'start'
[09:44:06.071] [bmv2] [D] [thread 170615] [13.0] [cxt 0] Extracting header 'ethernet'
[09:44:06.071] [bmv2] [D] [thread 170615] [13.0] [cxt 0] Parser state 'start': key is 0806
[09:44:06.071] [bmv2] [T] [thread 170615] [13.0] [cxt 0] Bytes parsed: 14
[09:44:06.071] [bmv2] [D] [thread 170615] [13.0] [cxt 0] Parser 'parser': end
[09:44:06.071] [bmv2] [D] [thread 170615] [13.0] [cxt 0] Pipeline 'ingress': start
[09:44:06.071] [bmv2] [T] [thread 170615] [13.0] [cxt 0] Applying table 'tbl_admit'
[09:44:06.071] [bmv2] [D] [thread 170615] [13.0] [cxt 0] Looking up key:

[09:44:06.071] [bmv2] [D] [thread 170615] [13.0] [cxt 0] Table 'tbl_admit': miss
[09:44:06.071] [bmv2] [D] [thread 170615] [13.0] [cxt 0] Action entry is MyIngress.admit - 
[09:44:06.071] [bmv2] [T] [thread 170615] [13.0] [cxt 0] Action MyIngress.admit
[09:44:06.071] [bmv2] [T] [thread 170615] [13.0] [cxt 0] /home/p4/RIFO/rifo.p4(82) Primitive if
[09:44:06.071] [bmv2] [T] [thread 170615] [13.0] [cxt 0] /home/p4/RIFO/rifo.p4(13) Primitive 2; ...
[09:44:06.071] [bmv2] [T] [thread 170615] [13.0] [cxt 0] /home/p4/RIFO/rifo.p4(82) Primitive if
[09:44:06.071] [bmv2] [D] [thread 170615] [13.0] [cxt 0] Pipeline 'ingress': end
[09:44:06.071] [bmv2] [D] [thread 170615] [13.0] [cxt 0] Egress port is 2
[09:44:06.071] [bmv2] [D] [thread 170618] [13.0] [cxt 0] Pipeline 'egress': start
[09:44:06.071] [bmv2] [D] [thread 170618] [13.0] [cxt 0] Pipeline 'egress': end
[09:44:06.071] [bmv2] [D] [thread 170618] [13.0] [cxt 0] Deparser 'deparser': start
[09:44:06.071] [bmv2] [D] [thread 170618] [13.0] [cxt 0] Deparsing header 'ethernet'
[09:44:06.071] [bmv2] [D] [thread 170618] [13.0] [cxt 0] Deparser 'deparser': end
[09:44:06.071] [bmv2] [D] [thread 170620] [13.0] [cxt 0] Transmitting packet of size 42 out of port 2
[09:44:08.086] [bmv2] [D] [thread 170615] [14.0] [cxt 0] Processing packet received on port 1
[09:44:08.086] [bmv2] [D] [thread 170615] [14.0] [cxt 0] Parser 'parser': start
[09:44:08.086] [bmv2] [D] [thread 170615] [14.0] [cxt 0] Parser 'parser' entering state 'start'
[09:44:08.086] [bmv2] [D] [thread 170615] [14.0] [cxt 0] Extracting header 'ethernet'
[09:44:08.086] [bmv2] [D] [thread 170615] [14.0] [cxt 0] Parser state 'start': key is 0806
[09:44:08.086] [bmv2] [T] [thread 170615] [14.0] [cxt 0] Bytes parsed: 14
[09:44:08.086] [bmv2] [D] [thread 170615] [14.0] [cxt 0] Parser 'parser': end
[09:44:08.086] [bmv2] [D] [thread 170615] [14.0] [cxt 0] Pipeline 'ingress': start
[09:44:08.086] [bmv2] [T] [thread 170615] [14.0] [cxt 0] Applying table 'tbl_admit'
[09:44:08.086] [bmv2] [D] [thread 170615] [14.0] [cxt 0] Looking up key:

[09:44:08.086] [bmv2] [D] [thread 170615] [14.0] [cxt 0] Table 'tbl_admit': miss
[09:44:08.086] [bmv2] [D] [thread 170615] [14.0] [cxt 0] Action entry is MyIngress.admit - 
[09:44:08.086] [bmv2] [T] [thread 170615] [14.0] [cxt 0] Action MyIngress.admit
[09:44:08.086] [bmv2] [T] [thread 170615] [14.0] [cxt 0] /home/p4/RIFO/rifo.p4(82) Primitive if
[09:44:08.086] [bmv2] [T] [thread 170615] [14.0] [cxt 0] /home/p4/RIFO/rifo.p4(13) Primitive 2; ...
[09:44:08.086] [bmv2] [T] [thread 170615] [14.0] [cxt 0] /home/p4/RIFO/rifo.p4(82) Primitive if
[09:44:08.086] [bmv2] [D] [thread 170615] [14.0] [cxt 0] Pipeline 'ingress': end
[09:44:08.086] [bmv2] [D] [thread 170615] [14.0] [cxt 0] Egress port is 2
[09:44:08.086] [bmv2] [D] [thread 170618] [14.0] [cxt 0] Pipeline 'egress': start
[09:44:08.086] [bmv2] [D] [thread 170618] [14.0] [cxt 0] Pipeline 'egress': end
[09:44:08.086] [bmv2] [D] [thread 170618] [14.0] [cxt 0] Deparser 'deparser': start
[09:44:08.086] [bmv2] [D] [thread 170618] [14.0] [cxt 0] Deparsing header 'ethernet'
[09:44:08.086] [bmv2] [D] [thread 170618] [14.0] [cxt 0] Deparser 'deparser': end
[09:44:08.086] [bmv2] [D] [thread 170620] [14.0] [cxt 0] Transmitting packet of size 42 out of port 2
[09:44:10.090] [bmv2] [D] [thread 170615] [15.0] [cxt 0] Processing packet received on port 1
[09:44:10.090] [bmv2] [D] [thread 170615] [15.0] [cxt 0] Parser 'parser': start
[09:44:10.090] [bmv2] [D] [thread 170615] [15.0] [cxt 0] Parser 'parser' entering state 'start'
[09:44:10.090] [bmv2] [D] [thread 170615] [15.0] [cxt 0] Extracting header 'ethernet'
[09:44:10.090] [bmv2] [D] [thread 170615] [15.0] [cxt 0] Parser state 'start': key is 0800
[09:44:10.090] [bmv2] [T] [thread 170615] [15.0] [cxt 0] Bytes parsed: 14
[09:44:10.090] [bmv2] [D] [thread 170615] [15.0] [cxt 0] Parser 'parser' entering state 'parse_ipv4'
[09:44:10.090] [bmv2] [D] [thread 170615] [15.0] [cxt 0] Extracting header 'ipv4'
[09:44:10.090] [bmv2] [D] [thread 170615] [15.0] [cxt 0] Extracting header 'rifo'
[09:44:10.090] [bmv2] [D] [thread 170615] [15.0] [cxt 0] Parser state 'parse_ipv4' has no switch, going to default next state
[09:44:10.090] [bmv2] [T] [thread 170615] [15.0] [cxt 0] Bytes parsed: 36
[09:44:10.090] [bmv2] [D] [thread 170615] [15.0] [cxt 0] Parser 'parser': end
[09:44:10.090] [bmv2] [D] [thread 170615] [15.0] [cxt 0] Pipeline 'ingress': start
[09:44:10.090] [bmv2] [T] [thread 170615] [15.0] [cxt 0] Applying table 'tbl_admit'
[09:44:10.090] [bmv2] [D] [thread 170615] [15.0] [cxt 0] Looking up key:

[09:44:10.090] [bmv2] [D] [thread 170615] [15.0] [cxt 0] Table 'tbl_admit': miss
[09:44:10.090] [bmv2] [D] [thread 170615] [15.0] [cxt 0] Action entry is MyIngress.admit - 
[09:44:10.090] [bmv2] [T] [thread 170615] [15.0] [cxt 0] Action MyIngress.admit
[09:44:10.090] [bmv2] [T] [thread 170615] [15.0] [cxt 0] /home/p4/RIFO/rifo.p4(82) Primitive if
[09:44:10.090] [bmv2] [T] [thread 170615] [15.0] [cxt 0] /home/p4/RIFO/rifo.p4(13) Primitive 2; ...
[09:44:10.090] [bmv2] [T] [thread 170615] [15.0] [cxt 0] /home/p4/RIFO/rifo.p4(82) Primitive if
[09:44:10.090] [bmv2] [D] [thread 170615] [15.0] [cxt 0] Pipeline 'ingress': end
[09:44:10.090] [bmv2] [D] [thread 170615] [15.0] [cxt 0] Egress port is 2
[09:44:10.090] [bmv2] [D] [thread 170618] [15.0] [cxt 0] Pipeline 'egress': start
[09:44:10.090] [bmv2] [D] [thread 170618] [15.0] [cxt 0] Pipeline 'egress': end
[09:44:10.090] [bmv2] [D] [thread 170618] [15.0] [cxt 0] Deparser 'deparser': start
[09:44:10.090] [bmv2] [D] [thread 170618] [15.0] [cxt 0] Deparsing header 'ethernet'
[09:44:10.090] [bmv2] [D] [thread 170618] [15.0] [cxt 0] Deparsing header 'ipv4'
[09:44:10.090] [bmv2] [D] [thread 170618] [15.0] [cxt 0] Deparsing header 'rifo'
[09:44:10.090] [bmv2] [D] [thread 170618] [15.0] [cxt 0] Deparser 'deparser': end
[09:44:10.090] [bmv2] [D] [thread 170620] [15.0] [cxt 0] Transmitting packet of size 49 out of port 2
