Obtaining JSON from switch...
Done
Control utility for runtime P4 table manipulation
RuntimeCmd: Adding entry to exact match table mac_forward
match key:           EXACT-00:00:0a:00:01:01
action:              forward
runtime data:        00:01
Entry has been added with handle 0
RuntimeCmd: Adding entry to exact match table mac_forward
match key:           EXACT-00:00:0a:00:01:02
action:              forward
runtime data:        00:02
Entry has been added with handle 1
RuntimeCmd: Adding entry to exact match table mac_forward
match key:           EXACT-00:00:0a:00:01:03
action:              forward
runtime data:        00:03
Entry has been added with handle 2
RuntimeCmd: Adding entry to exact match table mac_forward
match key:           EXACT-00:00:0a:00:01:04
action:              forward
runtime data:        00:04
Entry has been added with handle 3
RuntimeCmd: Adding entry to exact match table mac_forward
match key:           EXACT-00:00:0a:00:01:05
action:              forward
runtime data:        00:05
Entry has been added with handle 4
RuntimeCmd: 
